--------------- Rebuild Started: 12/06/2021 16:40:37 Project: Mesh_Flood_PSoC4BLE, Configuration: ARM GCC 5.4-2016-q2-update Debug ---------------
Deleting file ".\CortexM0\ARM_GCC_541\Debug\main.o"
Deleting file ".\CortexM0\ARM_GCC_541\Debug\debug.o"
Deleting file ".\CortexM0\ARM_GCC_541\Debug\WDT.o"
Deleting file ".\CortexM0\ARM_GCC_541\Debug\ble_process.o"
Deleting file ".\CortexM0\ARM_GCC_541\Debug\cyfitter_cfg.o"
Deleting file ".\CortexM0\ARM_GCC_541\Debug\cymetadata.o"
Deleting file ".\CortexM0\ARM_GCC_541\Debug\BLE.o"
Deleting file ".\CortexM0\ARM_GCC_541\Debug\BLE_gatt.o"
Deleting file ".\CortexM0\ARM_GCC_541\Debug\BLE_eventHandler.o"
Deleting file ".\CortexM0\ARM_GCC_541\Debug\BLE_HAL_INT.o"
Deleting file ".\CortexM0\ARM_GCC_541\Debug\BLE_HAL_PVT.o"
Deleting file ".\CortexM0\ARM_GCC_541\Debug\BLE_custom.o"
Deleting file ".\CortexM0\ARM_GCC_541\Debug\PrISM_1.o"
Deleting file ".\CortexM0\ARM_GCC_541\Debug\PrISM_1_PM.o"
Deleting file ".\CortexM0\ARM_GCC_541\Debug\PrISM_Clock.o"
Deleting file ".\CortexM0\ARM_GCC_541\Debug\RED.o"
Deleting file ".\CortexM0\ARM_GCC_541\Debug\RED_PM.o"
Deleting file ".\CortexM0\ARM_GCC_541\Debug\GREEN.o"
Deleting file ".\CortexM0\ARM_GCC_541\Debug\GREEN_PM.o"
Deleting file ".\CortexM0\ARM_GCC_541\Debug\BLUE.o"
Deleting file ".\CortexM0\ARM_GCC_541\Debug\BLUE_PM.o"
Deleting file ".\CortexM0\ARM_GCC_541\Debug\PrISM_2.o"
Deleting file ".\CortexM0\ARM_GCC_541\Debug\PrISM_2_PM.o"
Deleting file ".\CortexM0\ARM_GCC_541\Debug\isr_WDT.o"
Deleting file ".\CortexM0\ARM_GCC_541\Debug\UART.o"
Deleting file ".\CortexM0\ARM_GCC_541\Debug\UART_SPI_UART.o"
Deleting file ".\CortexM0\ARM_GCC_541\Debug\UART_SPI_UART_INT.o"
Deleting file ".\CortexM0\ARM_GCC_541\Debug\UART_PM.o"
Deleting file ".\CortexM0\ARM_GCC_541\Debug\UART_UART.o"
Deleting file ".\CortexM0\ARM_GCC_541\Debug\UART_BOOT.o"
Deleting file ".\CortexM0\ARM_GCC_541\Debug\UART_UART_BOOT.o"
Deleting file ".\CortexM0\ARM_GCC_541\Debug\BLE_bless_isr.o"
Deleting file ".\CortexM0\ARM_GCC_541\Debug\UART_SCBCLK.o"
Deleting file ".\CortexM0\ARM_GCC_541\Debug\UART_tx.o"
Deleting file ".\CortexM0\ARM_GCC_541\Debug\UART_tx_PM.o"
Deleting file ".\CortexM0\ARM_GCC_541\Debug\UART_rx.o"
Deleting file ".\CortexM0\ARM_GCC_541\Debug\UART_rx_PM.o"
Deleting file ".\CortexM0\ARM_GCC_541\Debug\Cm0Start.o"
Deleting file ".\CortexM0\ARM_GCC_541\Debug\CyFlash.o"
Deleting file ".\CortexM0\ARM_GCC_541\Debug\CyLib.o"
Deleting file ".\CortexM0\ARM_GCC_541\Debug\cyPm.o"
Deleting file ".\CortexM0\ARM_GCC_541\Debug\cyutils.o"
Deleting file ".\CortexM0\ARM_GCC_541\Debug\CyBootAsmGnu.o"
Deleting file ".\CortexM0\ARM_GCC_541\Debug\CyDMA.o"
Deleting file ".\CortexM0\ARM_GCC_541\Debug\CyLFClk.o"
Deleting file ".\CortexM0\ARM_GCC_541\Debug\cy_em_eeprom.o"
Deleting file ".\CortexM0\ARM_GCC_541\Debug\POWERRIGHT.o"
Deleting file ".\CortexM0\ARM_GCC_541\Debug\POWERRIGHT_PM.o"
Deleting file ".\CortexM0\ARM_GCC_541\Debug\POWERLEFT.o"
Deleting file ".\CortexM0\ARM_GCC_541\Debug\POWERLEFT_PM.o"
Deleting file ".\CortexM0\ARM_GCC_541\Debug\GNDRIGHT.o"
Deleting file ".\CortexM0\ARM_GCC_541\Debug\GNDRIGHT_PM.o"
Deleting file ".\CortexM0\ARM_GCC_541\Debug\GNDLEFT.o"
Deleting file ".\CortexM0\ARM_GCC_541\Debug\GNDLEFT_PM.o"
Deleting file ".\CortexM0\ARM_GCC_541\Debug\PWMLEFT.o"
Deleting file ".\CortexM0\ARM_GCC_541\Debug\PWMLEFT_PM.o"
Deleting file ".\CortexM0\ARM_GCC_541\Debug\PWMRIGHT.o"
Deleting file ".\CortexM0\ARM_GCC_541\Debug\PWMRIGHT_PM.o"
Deleting file ".\CortexM0\ARM_GCC_541\Debug\M2.o"
Deleting file ".\CortexM0\ARM_GCC_541\Debug\M2_PM.o"
Deleting file ".\CortexM0\ARM_GCC_541\Debug\M1.o"
Deleting file ".\CortexM0\ARM_GCC_541\Debug\M1_PM.o"
Deleting file ".\CortexM0\ARM_GCC_541\Debug\tachPwm.o"
Deleting file ".\CortexM0\ARM_GCC_541\Debug\tachPwm_PM.o"
Deleting file ".\CortexM0\ARM_GCC_541\Debug\tachTimer.o"
Deleting file ".\CortexM0\ARM_GCC_541\Debug\Clock_1.o"
Deleting file ".\CortexM0\ARM_GCC_541\Debug\Control.o"
Deleting file ".\CortexM0\ARM_GCC_541\Debug\Control_PM.o"
Deleting file ".\CortexM0\ARM_GCC_541\Debug\swint.o"
Deleting file ".\CortexM0\ARM_GCC_541\Debug\Timer_Echo.o"
Deleting file ".\CortexM0\ARM_GCC_541\Debug\Timer_Echo_PM.o"
Deleting file ".\CortexM0\ARM_GCC_541\Debug\Pin_US_Echo.o"
Deleting file ".\CortexM0\ARM_GCC_541\Debug\Pin_US_Echo_PM.o"
Deleting file ".\CortexM0\ARM_GCC_541\Debug\Timer_Echo_Int.o"
Deleting file ".\CortexM0\ARM_GCC_541\Debug\Timer_Echo_3.o"
Deleting file ".\CortexM0\ARM_GCC_541\Debug\Timer_Echo_3_PM.o"
Deleting file ".\CortexM0\ARM_GCC_541\Debug\Pin_US_Echo_3.o"
Deleting file ".\CortexM0\ARM_GCC_541\Debug\Pin_US_Echo_3_PM.o"
Deleting file ".\CortexM0\ARM_GCC_541\Debug\Timer_Echo_Int_3.o"
Deleting file ".\CortexM0\ARM_GCC_541\Debug\Clock_Echo.o"
Deleting file ".\CortexM0\ARM_GCC_541\Debug\Pin_US_Trigger.o"
Deleting file ".\CortexM0\ARM_GCC_541\Debug\Pin_US_Trigger_PM.o"
Deleting file ".\CortexM0\ARM_GCC_541\Debug\Pin_US_Trigger_1.o"
Deleting file ".\CortexM0\ARM_GCC_541\Debug\Pin_US_Trigger_1_PM.o"
Deleting file ".\CortexM0\ARM_GCC_541\Debug\Pin_US_Trigger_2.o"
Deleting file ".\CortexM0\ARM_GCC_541\Debug\Pin_US_Trigger_2_PM.o"
Deleting file ".\CortexM0\ARM_GCC_541\Debug\Pin_US_Trigger_3.o"
Deleting file ".\CortexM0\ARM_GCC_541\Debug\Pin_US_Trigger_3_PM.o"
Deleting file ".\CortexM0\ARM_GCC_541\Debug\Mesh_Flood_PSoC4BLE.hex"
Deleting file ".\CortexM0\ARM_GCC_541\Debug\Mesh_Flood_PSoC4BLE.elf"
Deleting file ".\CortexM0\ARM_GCC_541\Debug\Mesh_Flood_PSoC4BLE.map"
Deleting file ".\Mesh_Flood_PSoC4BLE.cycdx"
Deleting file ".\Mesh_Flood_PSoC4BLE.svd"
Deleting file ".\Mesh_Flood_PSoC4BLE.rpt"
Deleting file ".\Mesh_Flood_PSoC4BLE_timing.html"
Deleting file ".\CortexM0\ARM_GCC_541\Debug\.deps\SOURCE_C__ARM_GCC_GENERIC.P"
Deleting file ".\CortexM0\ARM_GCC_541\Debug\.deps\SOURCE_ASM__ARM_GCC_GENERIC.P"
cydsfit.exe -.appdatapath "C:\Users\lesia\AppData\Local\Cypress Semiconductor\PSoC Creator\4.4" -.fdsnotice -.fdswarpdepfile=warp_dependencies.txt -.fdselabdepfile=elab_dependencies.txt -.fdsbldfile=generated_files.txt -.fdsreffile=referenced_files.txt -p E:\Users\lesia\Desktop\Mesh_Flood_PSoC4BLE.cydsn\Mesh_Flood_PSoC4BLE.cyprj -d CY8C4248LQI-BL583 -s E:\Users\lesia\Desktop\Mesh_Flood_PSoC4BLE.cydsn\Generated_Source\PSoC4 -- -yv2 -q10 -ygs -o2 -v3 -.fftcfgtype=LE
Elaborating Design...
HDL Generation...
Synthesis...
Tech Mapping...
Analog Placement...
Analog Routing...
Analog Code Generation...
Digital Placement...
Digital Routing...
Bitstream Generation...
Bitstream Verification...
Static timing analysis...
API Generation...
Dependency Generation...
Cleanup...
arm-none-eabi-gcc.exe -mcpu=cortex-m0 -mthumb -I. -IGenerated_Source\PSoC4 -Wa,-alh=.\CortexM0\ARM_GCC_541\Debug/main.lst -g -D DEBUG -Wall -ffunction-sections -ffat-lto-objects -O0 -c main.c -o .\CortexM0\ARM_GCC_541\Debug\main.o
arm-none-eabi-gcc.exe -mcpu=cortex-m0 -mthumb -I. -IGenerated_Source\PSoC4 -Wa,-alh=.\CortexM0\ARM_GCC_541\Debug/debug.lst -g -D DEBUG -Wall -ffunction-sections -ffat-lto-objects -O0 -c debug.c -o .\CortexM0\ARM_GCC_541\Debug\debug.o
arm-none-eabi-gcc.exe -mcpu=cortex-m0 -mthumb -I. -IGenerated_Source\PSoC4 -Wa,-alh=.\CortexM0\ARM_GCC_541\Debug/WDT.lst -g -D DEBUG -Wall -ffunction-sections -ffat-lto-objects -O0 -c WDT.c -o .\CortexM0\ARM_GCC_541\Debug\WDT.o
arm-none-eabi-gcc.exe -mcpu=cortex-m0 -mthumb -I. -IGenerated_Source\PSoC4 -Wa,-alh=.\CortexM0\ARM_GCC_541\Debug/ble_process.lst -g -D DEBUG -Wall -ffunction-sections -ffat-lto-objects -O0 -c ble_process.c -o .\CortexM0\ARM_GCC_541\Debug\ble_process.o
arm-none-eabi-gcc.exe -mcpu=cortex-m0 -mthumb -I. -IGenerated_Source\PSoC4 -Wa,-alh=.\CortexM0\ARM_GCC_541\Debug/cyfitter_cfg.lst -g -D DEBUG -Wall -ffunction-sections -ffat-lto-objects -O0 -c Generated_Source\PSoC4\cyfitter_cfg.c -o .\CortexM0\ARM_GCC_541\Debug\cyfitter_cfg.o
arm-none-eabi-gcc.exe -mcpu=cortex-m0 -mthumb -I. -IGenerated_Source\PSoC4 -Wa,-alh=.\CortexM0\ARM_GCC_541\Debug/cymetadata.lst -g -D DEBUG -Wall -ffunction-sections -ffat-lto-objects -O0 -c Generated_Source\PSoC4\cymetadata.c -o .\CortexM0\ARM_GCC_541\Debug\cymetadata.o
arm-none-eabi-gcc.exe -mcpu=cortex-m0 -mthumb -I. -IGenerated_Source\PSoC4 -Wa,-alh=.\CortexM0\ARM_GCC_541\Debug/BLE.lst -g -D DEBUG -Wall -ffunction-sections -ffat-lto-objects -O0 -c Generated_Source\PSoC4\BLE.c -o .\CortexM0\ARM_GCC_541\Debug\BLE.o
arm-none-eabi-gcc.exe -mcpu=cortex-m0 -mthumb -I. -IGenerated_Source\PSoC4 -Wa,-alh=.\CortexM0\ARM_GCC_541\Debug/BLE_gatt.lst -g -D DEBUG -Wall -ffunction-sections -ffat-lto-objects -O0 -c Generated_Source\PSoC4\BLE_gatt.c -o .\CortexM0\ARM_GCC_541\Debug\BLE_gatt.o
arm-none-eabi-gcc.exe -mcpu=cortex-m0 -mthumb -I. -IGenerated_Source\PSoC4 -Wa,-alh=.\CortexM0\ARM_GCC_541\Debug/BLE_eventHandler.lst -g -D DEBUG -Wall -ffunction-sections -ffat-lto-objects -O0 -c Generated_Source\PSoC4\BLE_eventHandler.c -o .\CortexM0\ARM_GCC_541\Debug\BLE_eventHandler.o
arm-none-eabi-gcc.exe -mcpu=cortex-m0 -mthumb -I. -IGenerated_Source\PSoC4 -Wa,-alh=.\CortexM0\ARM_GCC_541\Debug/BLE_HAL_INT.lst -g -D DEBUG -Wall -ffunction-sections -ffat-lto-objects -O0 -c Generated_Source\PSoC4\BLE_HAL_INT.c -o .\CortexM0\ARM_GCC_541\Debug\BLE_HAL_INT.o
arm-none-eabi-gcc.exe -mcpu=cortex-m0 -mthumb -I. -IGenerated_Source\PSoC4 -Wa,-alh=.\CortexM0\ARM_GCC_541\Debug/BLE_HAL_PVT.lst -g -D DEBUG -Wall -ffunction-sections -ffat-lto-objects -O0 -c Generated_Source\PSoC4\BLE_HAL_PVT.c -o .\CortexM0\ARM_GCC_541\Debug\BLE_HAL_PVT.o
arm-none-eabi-gcc.exe -mcpu=cortex-m0 -mthumb -I. -IGenerated_Source\PSoC4 -Wa,-alh=.\CortexM0\ARM_GCC_541\Debug/BLE_custom.lst -g -D DEBUG -Wall -ffunction-sections -ffat-lto-objects -O0 -c Generated_Source\PSoC4\BLE_custom.c -o .\CortexM0\ARM_GCC_541\Debug\BLE_custom.o
arm-none-eabi-gcc.exe -mcpu=cortex-m0 -mthumb -I. -IGenerated_Source\PSoC4 -Wa,-alh=.\CortexM0\ARM_GCC_541\Debug/PrISM_1.lst -g -D DEBUG -Wall -ffunction-sections -ffat-lto-objects -O0 -c Generated_Source\PSoC4\PrISM_1.c -o .\CortexM0\ARM_GCC_541\Debug\PrISM_1.o
arm-none-eabi-gcc.exe -mcpu=cortex-m0 -mthumb -I. -IGenerated_Source\PSoC4 -Wa,-alh=.\CortexM0\ARM_GCC_541\Debug/PrISM_1_PM.lst -g -D DEBUG -Wall -ffunction-sections -ffat-lto-objects -O0 -c Generated_Source\PSoC4\PrISM_1_PM.c -o .\CortexM0\ARM_GCC_541\Debug\PrISM_1_PM.o
arm-none-eabi-gcc.exe -mcpu=cortex-m0 -mthumb -I. -IGenerated_Source\PSoC4 -Wa,-alh=.\CortexM0\ARM_GCC_541\Debug/PrISM_Clock.lst -g -D DEBUG -Wall -ffunction-sections -ffat-lto-objects -O0 -c Generated_Source\PSoC4\PrISM_Clock.c -o .\CortexM0\ARM_GCC_541\Debug\PrISM_Clock.o
arm-none-eabi-gcc.exe -mcpu=cortex-m0 -mthumb -I. -IGenerated_Source\PSoC4 -Wa,-alh=.\CortexM0\ARM_GCC_541\Debug/RED.lst -g -D DEBUG -Wall -ffunction-sections -ffat-lto-objects -O0 -c Generated_Source\PSoC4\RED.c -o .\CortexM0\ARM_GCC_541\Debug\RED.o
arm-none-eabi-gcc.exe -mcpu=cortex-m0 -mthumb -I. -IGenerated_Source\PSoC4 -Wa,-alh=.\CortexM0\ARM_GCC_541\Debug/RED_PM.lst -g -D DEBUG -Wall -ffunction-sections -ffat-lto-objects -O0 -c Generated_Source\PSoC4\RED_PM.c -o .\CortexM0\ARM_GCC_541\Debug\RED_PM.o
arm-none-eabi-gcc.exe -mcpu=cortex-m0 -mthumb -I. -IGenerated_Source\PSoC4 -Wa,-alh=.\CortexM0\ARM_GCC_541\Debug/GREEN.lst -g -D DEBUG -Wall -ffunction-sections -ffat-lto-objects -O0 -c Generated_Source\PSoC4\GREEN.c -o .\CortexM0\ARM_GCC_541\Debug\GREEN.o
arm-none-eabi-gcc.exe -mcpu=cortex-m0 -mthumb -I. -IGenerated_Source\PSoC4 -Wa,-alh=.\CortexM0\ARM_GCC_541\Debug/GREEN_PM.lst -g -D DEBUG -Wall -ffunction-sections -ffat-lto-objects -O0 -c Generated_Source\PSoC4\GREEN_PM.c -o .\CortexM0\ARM_GCC_541\Debug\GREEN_PM.o
arm-none-eabi-gcc.exe -mcpu=cortex-m0 -mthumb -I. -IGenerated_Source\PSoC4 -Wa,-alh=.\CortexM0\ARM_GCC_541\Debug/BLUE.lst -g -D DEBUG -Wall -ffunction-sections -ffat-lto-objects -O0 -c Generated_Source\PSoC4\BLUE.c -o .\CortexM0\ARM_GCC_541\Debug\BLUE.o
arm-none-eabi-gcc.exe -mcpu=cortex-m0 -mthumb -I. -IGenerated_Source\PSoC4 -Wa,-alh=.\CortexM0\ARM_GCC_541\Debug/BLUE_PM.lst -g -D DEBUG -Wall -ffunction-sections -ffat-lto-objects -O0 -c Generated_Source\PSoC4\BLUE_PM.c -o .\CortexM0\ARM_GCC_541\Debug\BLUE_PM.o
arm-none-eabi-gcc.exe -mcpu=cortex-m0 -mthumb -I. -IGenerated_Source\PSoC4 -Wa,-alh=.\CortexM0\ARM_GCC_541\Debug/PrISM_2.lst -g -D DEBUG -Wall -ffunction-sections -ffat-lto-objects -O0 -c Generated_Source\PSoC4\PrISM_2.c -o .\CortexM0\ARM_GCC_541\Debug\PrISM_2.o
arm-none-eabi-gcc.exe -mcpu=cortex-m0 -mthumb -I. -IGenerated_Source\PSoC4 -Wa,-alh=.\CortexM0\ARM_GCC_541\Debug/PrISM_2_PM.lst -g -D DEBUG -Wall -ffunction-sections -ffat-lto-objects -O0 -c Generated_Source\PSoC4\PrISM_2_PM.c -o .\CortexM0\ARM_GCC_541\Debug\PrISM_2_PM.o
arm-none-eabi-gcc.exe -mcpu=cortex-m0 -mthumb -I. -IGenerated_Source\PSoC4 -Wa,-alh=.\CortexM0\ARM_GCC_541\Debug/isr_WDT.lst -g -D DEBUG -Wall -ffunction-sections -ffat-lto-objects -O0 -c Generated_Source\PSoC4\isr_WDT.c -o .\CortexM0\ARM_GCC_541\Debug\isr_WDT.o
arm-none-eabi-gcc.exe -mcpu=cortex-m0 -mthumb -I. -IGenerated_Source\PSoC4 -Wa,-alh=.\CortexM0\ARM_GCC_541\Debug/UART.lst -g -D DEBUG -Wall -ffunction-sections -ffat-lto-objects -O0 -c Generated_Source\PSoC4\UART.c -o .\CortexM0\ARM_GCC_541\Debug\UART.o
arm-none-eabi-gcc.exe -mcpu=cortex-m0 -mthumb -I. -IGenerated_Source\PSoC4 -Wa,-alh=.\CortexM0\ARM_GCC_541\Debug/UART_SPI_UART.lst -g -D DEBUG -Wall -ffunction-sections -ffat-lto-objects -O0 -c Generated_Source\PSoC4\UART_SPI_UART.c -o .\CortexM0\ARM_GCC_541\Debug\UART_SPI_UART.o
arm-none-eabi-gcc.exe -mcpu=cortex-m0 -mthumb -I. -IGenerated_Source\PSoC4 -Wa,-alh=.\CortexM0\ARM_GCC_541\Debug/UART_SPI_UART_INT.lst -g -D DEBUG -Wall -ffunction-sections -ffat-lto-objects -O0 -c Generated_Source\PSoC4\UART_SPI_UART_INT.c -o .\CortexM0\ARM_GCC_541\Debug\UART_SPI_UART_INT.o
arm-none-eabi-gcc.exe -mcpu=cortex-m0 -mthumb -I. -IGenerated_Source\PSoC4 -Wa,-alh=.\CortexM0\ARM_GCC_541\Debug/UART_PM.lst -g -D DEBUG -Wall -ffunction-sections -ffat-lto-objects -O0 -c Generated_Source\PSoC4\UART_PM.c -o .\CortexM0\ARM_GCC_541\Debug\UART_PM.o
arm-none-eabi-gcc.exe -mcpu=cortex-m0 -mthumb -I. -IGenerated_Source\PSoC4 -Wa,-alh=.\CortexM0\ARM_GCC_541\Debug/UART_UART.lst -g -D DEBUG -Wall -ffunction-sections -ffat-lto-objects -O0 -c Generated_Source\PSoC4\UART_UART.c -o .\CortexM0\ARM_GCC_541\Debug\UART_UART.o
arm-none-eabi-gcc.exe -mcpu=cortex-m0 -mthumb -I. -IGenerated_Source\PSoC4 -Wa,-alh=.\CortexM0\ARM_GCC_541\Debug/UART_BOOT.lst -g -D DEBUG -Wall -ffunction-sections -ffat-lto-objects -O0 -c Generated_Source\PSoC4\UART_BOOT.c -o .\CortexM0\ARM_GCC_541\Debug\UART_BOOT.o
arm-none-eabi-gcc.exe -mcpu=cortex-m0 -mthumb -I. -IGenerated_Source\PSoC4 -Wa,-alh=.\CortexM0\ARM_GCC_541\Debug/UART_UART_BOOT.lst -g -D DEBUG -Wall -ffunction-sections -ffat-lto-objects -O0 -c Generated_Source\PSoC4\UART_UART_BOOT.c -o .\CortexM0\ARM_GCC_541\Debug\UART_UART_BOOT.o
arm-none-eabi-gcc.exe -mcpu=cortex-m0 -mthumb -I. -IGenerated_Source\PSoC4 -Wa,-alh=.\CortexM0\ARM_GCC_541\Debug/BLE_bless_isr.lst -g -D DEBUG -Wall -ffunction-sections -ffat-lto-objects -O0 -c Generated_Source\PSoC4\BLE_bless_isr.c -o .\CortexM0\ARM_GCC_541\Debug\BLE_bless_isr.o
arm-none-eabi-gcc.exe -mcpu=cortex-m0 -mthumb -I. -IGenerated_Source\PSoC4 -Wa,-alh=.\CortexM0\ARM_GCC_541\Debug/UART_SCBCLK.lst -g -D DEBUG -Wall -ffunction-sections -ffat-lto-objects -O0 -c Generated_Source\PSoC4\UART_SCBCLK.c -o .\CortexM0\ARM_GCC_541\Debug\UART_SCBCLK.o
arm-none-eabi-gcc.exe -mcpu=cortex-m0 -mthumb -I. -IGenerated_Source\PSoC4 -Wa,-alh=.\CortexM0\ARM_GCC_541\Debug/UART_tx.lst -g -D DEBUG -Wall -ffunction-sections -ffat-lto-objects -O0 -c Generated_Source\PSoC4\UART_tx.c -o .\CortexM0\ARM_GCC_541\Debug\UART_tx.o
arm-none-eabi-gcc.exe -mcpu=cortex-m0 -mthumb -I. -IGenerated_Source\PSoC4 -Wa,-alh=.\CortexM0\ARM_GCC_541\Debug/UART_tx_PM.lst -g -D DEBUG -Wall -ffunction-sections -ffat-lto-objects -O0 -c Generated_Source\PSoC4\UART_tx_PM.c -o .\CortexM0\ARM_GCC_541\Debug\UART_tx_PM.o
arm-none-eabi-gcc.exe -mcpu=cortex-m0 -mthumb -I. -IGenerated_Source\PSoC4 -Wa,-alh=.\CortexM0\ARM_GCC_541\Debug/UART_rx.lst -g -D DEBUG -Wall -ffunction-sections -ffat-lto-objects -O0 -c Generated_Source\PSoC4\UART_rx.c -o .\CortexM0\ARM_GCC_541\Debug\UART_rx.o
arm-none-eabi-gcc.exe -mcpu=cortex-m0 -mthumb -I. -IGenerated_Source\PSoC4 -Wa,-alh=.\CortexM0\ARM_GCC_541\Debug/UART_rx_PM.lst -g -D DEBUG -Wall -ffunction-sections -ffat-lto-objects -O0 -c Generated_Source\PSoC4\UART_rx_PM.c -o .\CortexM0\ARM_GCC_541\Debug\UART_rx_PM.o
arm-none-eabi-gcc.exe -mcpu=cortex-m0 -mthumb -I. -IGenerated_Source\PSoC4 -Wa,-alh=.\CortexM0\ARM_GCC_541\Debug/Cm0Start.lst -g -D DEBUG -Wall -ffunction-sections -ffat-lto-objects -O0 -c Generated_Source\PSoC4\Cm0Start.c -o .\CortexM0\ARM_GCC_541\Debug\Cm0Start.o
arm-none-eabi-gcc.exe -mcpu=cortex-m0 -mthumb -I. -IGenerated_Source\PSoC4 -Wa,-alh=.\CortexM0\ARM_GCC_541\Debug/CyFlash.lst -g -D DEBUG -Wall -ffunction-sections -ffat-lto-objects -O0 -c Generated_Source\PSoC4\CyFlash.c -o .\CortexM0\ARM_GCC_541\Debug\CyFlash.o
arm-none-eabi-gcc.exe -mcpu=cortex-m0 -mthumb -I. -IGenerated_Source\PSoC4 -Wa,-alh=.\CortexM0\ARM_GCC_541\Debug/CyLib.lst -g -D DEBUG -Wall -ffunction-sections -ffat-lto-objects -O0 -c Generated_Source\PSoC4\CyLib.c -o .\CortexM0\ARM_GCC_541\Debug\CyLib.o
arm-none-eabi-gcc.exe -mcpu=cortex-m0 -mthumb -I. -IGenerated_Source\PSoC4 -Wa,-alh=.\CortexM0\ARM_GCC_541\Debug/cyPm.lst -g -D DEBUG -Wall -ffunction-sections -ffat-lto-objects -O0 -c Generated_Source\PSoC4\cyPm.c -o .\CortexM0\ARM_GCC_541\Debug\cyPm.o
arm-none-eabi-gcc.exe -mcpu=cortex-m0 -mthumb -I. -IGenerated_Source\PSoC4 -Wa,-alh=.\CortexM0\ARM_GCC_541\Debug/cyutils.lst -g -D DEBUG -Wall -ffunction-sections -ffat-lto-objects -O0 -c Generated_Source\PSoC4\cyutils.c -o .\CortexM0\ARM_GCC_541\Debug\cyutils.o
arm-none-eabi-gcc.exe -mcpu=cortex-m0 -mthumb -I. -IGenerated_Source\PSoC4 -Wa,-alh=.\CortexM0\ARM_GCC_541\Debug/CyDMA.lst -g -D DEBUG -Wall -ffunction-sections -ffat-lto-objects -O0 -c Generated_Source\PSoC4\CyDMA.c -o .\CortexM0\ARM_GCC_541\Debug\CyDMA.o
arm-none-eabi-gcc.exe -mcpu=cortex-m0 -mthumb -I. -IGenerated_Source\PSoC4 -Wa,-alh=.\CortexM0\ARM_GCC_541\Debug/CyLFClk.lst -g -D DEBUG -Wall -ffunction-sections -ffat-lto-objects -O0 -c Generated_Source\PSoC4\CyLFClk.c -o .\CortexM0\ARM_GCC_541\Debug\CyLFClk.o
arm-none-eabi-gcc.exe -mcpu=cortex-m0 -mthumb -I. -IGenerated_Source\PSoC4 -Wa,-alh=.\CortexM0\ARM_GCC_541\Debug/cy_em_eeprom.lst -g -D DEBUG -Wall -ffunction-sections -ffat-lto-objects -O0 -c Generated_Source\PSoC4\cy_em_eeprom.c -o .\CortexM0\ARM_GCC_541\Debug\cy_em_eeprom.o
arm-none-eabi-gcc.exe -mcpu=cortex-m0 -mthumb -I. -IGenerated_Source\PSoC4 -Wa,-alh=.\CortexM0\ARM_GCC_541\Debug/POWERRIGHT.lst -g -D DEBUG -Wall -ffunction-sections -ffat-lto-objects -O0 -c Generated_Source\PSoC4\POWERRIGHT.c -o .\CortexM0\ARM_GCC_541\Debug\POWERRIGHT.o
arm-none-eabi-gcc.exe -mcpu=cortex-m0 -mthumb -I. -IGenerated_Source\PSoC4 -Wa,-alh=.\CortexM0\ARM_GCC_541\Debug/POWERRIGHT_PM.lst -g -D DEBUG -Wall -ffunction-sections -ffat-lto-objects -O0 -c Generated_Source\PSoC4\POWERRIGHT_PM.c -o .\CortexM0\ARM_GCC_541\Debug\POWERRIGHT_PM.o
arm-none-eabi-gcc.exe -mcpu=cortex-m0 -mthumb -I. -IGenerated_Source\PSoC4 -Wa,-alh=.\CortexM0\ARM_GCC_541\Debug/POWERLEFT.lst -g -D DEBUG -Wall -ffunction-sections -ffat-lto-objects -O0 -c Generated_Source\PSoC4\POWERLEFT.c -o .\CortexM0\ARM_GCC_541\Debug\POWERLEFT.o
arm-none-eabi-gcc.exe -mcpu=cortex-m0 -mthumb -I. -IGenerated_Source\PSoC4 -Wa,-alh=.\CortexM0\ARM_GCC_541\Debug/POWERLEFT_PM.lst -g -D DEBUG -Wall -ffunction-sections -ffat-lto-objects -O0 -c Generated_Source\PSoC4\POWERLEFT_PM.c -o .\CortexM0\ARM_GCC_541\Debug\POWERLEFT_PM.o
arm-none-eabi-gcc.exe -mcpu=cortex-m0 -mthumb -I. -IGenerated_Source\PSoC4 -Wa,-alh=.\CortexM0\ARM_GCC_541\Debug/GNDRIGHT.lst -g -D DEBUG -Wall -ffunction-sections -ffat-lto-objects -O0 -c Generated_Source\PSoC4\GNDRIGHT.c -o .\CortexM0\ARM_GCC_541\Debug\GNDRIGHT.o
arm-none-eabi-gcc.exe -mcpu=cortex-m0 -mthumb -I. -IGenerated_Source\PSoC4 -Wa,-alh=.\CortexM0\ARM_GCC_541\Debug/GNDRIGHT_PM.lst -g -D DEBUG -Wall -ffunction-sections -ffat-lto-objects -O0 -c Generated_Source\PSoC4\GNDRIGHT_PM.c -o .\CortexM0\ARM_GCC_541\Debug\GNDRIGHT_PM.o
arm-none-eabi-gcc.exe -mcpu=cortex-m0 -mthumb -I. -IGenerated_Source\PSoC4 -Wa,-alh=.\CortexM0\ARM_GCC_541\Debug/GNDLEFT.lst -g -D DEBUG -Wall -ffunction-sections -ffat-lto-objects -O0 -c Generated_Source\PSoC4\GNDLEFT.c -o .\CortexM0\ARM_GCC_541\Debug\GNDLEFT.o
arm-none-eabi-gcc.exe -mcpu=cortex-m0 -mthumb -I. -IGenerated_Source\PSoC4 -Wa,-alh=.\CortexM0\ARM_GCC_541\Debug/GNDLEFT_PM.lst -g -D DEBUG -Wall -ffunction-sections -ffat-lto-objects -O0 -c Generated_Source\PSoC4\GNDLEFT_PM.c -o .\CortexM0\ARM_GCC_541\Debug\GNDLEFT_PM.o
arm-none-eabi-gcc.exe -mcpu=cortex-m0 -mthumb -I. -IGenerated_Source\PSoC4 -Wa,-alh=.\CortexM0\ARM_GCC_541\Debug/PWMLEFT.lst -g -D DEBUG -Wall -ffunction-sections -ffat-lto-objects -O0 -c Generated_Source\PSoC4\PWMLEFT.c -o .\CortexM0\ARM_GCC_541\Debug\PWMLEFT.o
arm-none-eabi-gcc.exe -mcpu=cortex-m0 -mthumb -I. -IGenerated_Source\PSoC4 -Wa,-alh=.\CortexM0\ARM_GCC_541\Debug/PWMLEFT_PM.lst -g -D DEBUG -Wall -ffunction-sections -ffat-lto-objects -O0 -c Generated_Source\PSoC4\PWMLEFT_PM.c -o .\CortexM0\ARM_GCC_541\Debug\PWMLEFT_PM.o
arm-none-eabi-gcc.exe -mcpu=cortex-m0 -mthumb -I. -IGenerated_Source\PSoC4 -Wa,-alh=.\CortexM0\ARM_GCC_541\Debug/PWMRIGHT.lst -g -D DEBUG -Wall -ffunction-sections -ffat-lto-objects -O0 -c Generated_Source\PSoC4\PWMRIGHT.c -o .\CortexM0\ARM_GCC_541\Debug\PWMRIGHT.o
arm-none-eabi-gcc.exe -mcpu=cortex-m0 -mthumb -I. -IGenerated_Source\PSoC4 -Wa,-alh=.\CortexM0\ARM_GCC_541\Debug/PWMRIGHT_PM.lst -g -D DEBUG -Wall -ffunction-sections -ffat-lto-objects -O0 -c Generated_Source\PSoC4\PWMRIGHT_PM.c -o .\CortexM0\ARM_GCC_541\Debug\PWMRIGHT_PM.o
arm-none-eabi-gcc.exe -mcpu=cortex-m0 -mthumb -I. -IGenerated_Source\PSoC4 -Wa,-alh=.\CortexM0\ARM_GCC_541\Debug/M2.lst -g -D DEBUG -Wall -ffunction-sections -ffat-lto-objects -O0 -c Generated_Source\PSoC4\M2.c -o .\CortexM0\ARM_GCC_541\Debug\M2.o
arm-none-eabi-gcc.exe -mcpu=cortex-m0 -mthumb -I. -IGenerated_Source\PSoC4 -Wa,-alh=.\CortexM0\ARM_GCC_541\Debug/M2_PM.lst -g -D DEBUG -Wall -ffunction-sections -ffat-lto-objects -O0 -c Generated_Source\PSoC4\M2_PM.c -o .\CortexM0\ARM_GCC_541\Debug\M2_PM.o
arm-none-eabi-gcc.exe -mcpu=cortex-m0 -mthumb -I. -IGenerated_Source\PSoC4 -Wa,-alh=.\CortexM0\ARM_GCC_541\Debug/M1.lst -g -D DEBUG -Wall -ffunction-sections -ffat-lto-objects -O0 -c Generated_Source\PSoC4\M1.c -o .\CortexM0\ARM_GCC_541\Debug\M1.o
arm-none-eabi-gcc.exe -mcpu=cortex-m0 -mthumb -I. -IGenerated_Source\PSoC4 -Wa,-alh=.\CortexM0\ARM_GCC_541\Debug/M1_PM.lst -g -D DEBUG -Wall -ffunction-sections -ffat-lto-objects -O0 -c Generated_Source\PSoC4\M1_PM.c -o .\CortexM0\ARM_GCC_541\Debug\M1_PM.o
arm-none-eabi-gcc.exe -mcpu=cortex-m0 -mthumb -I. -IGenerated_Source\PSoC4 -Wa,-alh=.\CortexM0\ARM_GCC_541\Debug/tachPwm.lst -g -D DEBUG -Wall -ffunction-sections -ffat-lto-objects -O0 -c Generated_Source\PSoC4\tachPwm.c -o .\CortexM0\ARM_GCC_541\Debug\tachPwm.o
arm-none-eabi-gcc.exe -mcpu=cortex-m0 -mthumb -I. -IGenerated_Source\PSoC4 -Wa,-alh=.\CortexM0\ARM_GCC_541\Debug/tachPwm_PM.lst -g -D DEBUG -Wall -ffunction-sections -ffat-lto-objects -O0 -c Generated_Source\PSoC4\tachPwm_PM.c -o .\CortexM0\ARM_GCC_541\Debug\tachPwm_PM.o
arm-none-eabi-gcc.exe -mcpu=cortex-m0 -mthumb -I. -IGenerated_Source\PSoC4 -Wa,-alh=.\CortexM0\ARM_GCC_541\Debug/tachTimer.lst -g -D DEBUG -Wall -ffunction-sections -ffat-lto-objects -O0 -c Generated_Source\PSoC4\tachTimer.c -o .\CortexM0\ARM_GCC_541\Debug\tachTimer.o
arm-none-eabi-gcc.exe -mcpu=cortex-m0 -mthumb -I. -IGenerated_Source\PSoC4 -Wa,-alh=.\CortexM0\ARM_GCC_541\Debug/Clock_1.lst -g -D DEBUG -Wall -ffunction-sections -ffat-lto-objects -O0 -c Generated_Source\PSoC4\Clock_1.c -o .\CortexM0\ARM_GCC_541\Debug\Clock_1.o
arm-none-eabi-gcc.exe -mcpu=cortex-m0 -mthumb -I. -IGenerated_Source\PSoC4 -Wa,-alh=.\CortexM0\ARM_GCC_541\Debug/Control.lst -g -D DEBUG -Wall -ffunction-sections -ffat-lto-objects -O0 -c Generated_Source\PSoC4\Control.c -o .\CortexM0\ARM_GCC_541\Debug\Control.o
arm-none-eabi-gcc.exe -mcpu=cortex-m0 -mthumb -I. -IGenerated_Source\PSoC4 -Wa,-alh=.\CortexM0\ARM_GCC_541\Debug/Control_PM.lst -g -D DEBUG -Wall -ffunction-sections -ffat-lto-objects -O0 -c Generated_Source\PSoC4\Control_PM.c -o .\CortexM0\ARM_GCC_541\Debug\Control_PM.o
arm-none-eabi-gcc.exe -mcpu=cortex-m0 -mthumb -I. -IGenerated_Source\PSoC4 -Wa,-alh=.\CortexM0\ARM_GCC_541\Debug/swint.lst -g -D DEBUG -Wall -ffunction-sections -ffat-lto-objects -O0 -c Generated_Source\PSoC4\swint.c -o .\CortexM0\ARM_GCC_541\Debug\swint.o
arm-none-eabi-gcc.exe -mcpu=cortex-m0 -mthumb -I. -IGenerated_Source\PSoC4 -Wa,-alh=.\CortexM0\ARM_GCC_541\Debug/Timer_Echo_3.lst -g -D DEBUG -Wall -ffunction-sections -ffat-lto-objects -O0 -c Generated_Source\PSoC4\Timer_Echo_3.c -o .\CortexM0\ARM_GCC_541\Debug\Timer_Echo_3.o
arm-none-eabi-gcc.exe -mcpu=cortex-m0 -mthumb -I. -IGenerated_Source\PSoC4 -Wa,-alh=.\CortexM0\ARM_GCC_541\Debug/Timer_Echo_3_PM.lst -g -D DEBUG -Wall -ffunction-sections -ffat-lto-objects -O0 -c Generated_Source\PSoC4\Timer_Echo_3_PM.c -o .\CortexM0\ARM_GCC_541\Debug\Timer_Echo_3_PM.o
arm-none-eabi-gcc.exe -mcpu=cortex-m0 -mthumb -I. -IGenerated_Source\PSoC4 -Wa,-alh=.\CortexM0\ARM_GCC_541\Debug/Pin_US_Echo_3.lst -g -D DEBUG -Wall -ffunction-sections -ffat-lto-objects -O0 -c Generated_Source\PSoC4\Pin_US_Echo_3.c -o .\CortexM0\ARM_GCC_541\Debug\Pin_US_Echo_3.o
arm-none-eabi-gcc.exe -mcpu=cortex-m0 -mthumb -I. -IGenerated_Source\PSoC4 -Wa,-alh=.\CortexM0\ARM_GCC_541\Debug/Pin_US_Echo_3_PM.lst -g -D DEBUG -Wall -ffunction-sections -ffat-lto-objects -O0 -c Generated_Source\PSoC4\Pin_US_Echo_3_PM.c -o .\CortexM0\ARM_GCC_541\Debug\Pin_US_Echo_3_PM.o
arm-none-eabi-gcc.exe -mcpu=cortex-m0 -mthumb -I. -IGenerated_Source\PSoC4 -Wa,-alh=.\CortexM0\ARM_GCC_541\Debug/Timer_Echo_Int_3.lst -g -D DEBUG -Wall -ffunction-sections -ffat-lto-objects -O0 -c Generated_Source\PSoC4\Timer_Echo_Int_3.c -o .\CortexM0\ARM_GCC_541\Debug\Timer_Echo_Int_3.o
arm-none-eabi-gcc.exe -mcpu=cortex-m0 -mthumb -I. -IGenerated_Source\PSoC4 -Wa,-alh=.\CortexM0\ARM_GCC_541\Debug/Clock_Echo.lst -g -D DEBUG -Wall -ffunction-sections -ffat-lto-objects -O0 -c Generated_Source\PSoC4\Clock_Echo.c -o .\CortexM0\ARM_GCC_541\Debug\Clock_Echo.o
arm-none-eabi-gcc.exe -mcpu=cortex-m0 -mthumb -I. -IGenerated_Source\PSoC4 -Wa,-alh=.\CortexM0\ARM_GCC_541\Debug/Pin_US_Trigger.lst -g -D DEBUG -Wall -ffunction-sections -ffat-lto-objects -O0 -c Generated_Source\PSoC4\Pin_US_Trigger.c -o .\CortexM0\ARM_GCC_541\Debug\Pin_US_Trigger.o
arm-none-eabi-gcc.exe -mcpu=cortex-m0 -mthumb -I. -IGenerated_Source\PSoC4 -Wa,-alh=.\CortexM0\ARM_GCC_541\Debug/Pin_US_Trigger_PM.lst -g -D DEBUG -Wall -ffunction-sections -ffat-lto-objects -O0 -c Generated_Source\PSoC4\Pin_US_Trigger_PM.c -o .\CortexM0\ARM_GCC_541\Debug\Pin_US_Trigger_PM.o
arm-none-eabi-gcc.exe -mcpu=cortex-m0 -mthumb -I. -IGenerated_Source\PSoC4 -Wa,-alh=.\CortexM0\ARM_GCC_541\Debug/Pin_US_Trigger_1.lst -g -D DEBUG -Wall -ffunction-sections -ffat-lto-objects -O0 -c Generated_Source\PSoC4\Pin_US_Trigger_1.c -o .\CortexM0\ARM_GCC_541\Debug\Pin_US_Trigger_1.o
arm-none-eabi-gcc.exe -mcpu=cortex-m0 -mthumb -I. -IGenerated_Source\PSoC4 -Wa,-alh=.\CortexM0\ARM_GCC_541\Debug/Pin_US_Trigger_1_PM.lst -g -D DEBUG -Wall -ffunction-sections -ffat-lto-objects -O0 -c Generated_Source\PSoC4\Pin_US_Trigger_1_PM.c -o .\CortexM0\ARM_GCC_541\Debug\Pin_US_Trigger_1_PM.o
arm-none-eabi-gcc.exe -mcpu=cortex-m0 -mthumb -I. -IGenerated_Source\PSoC4 -Wa,-alh=.\CortexM0\ARM_GCC_541\Debug/Pin_US_Trigger_2.lst -g -D DEBUG -Wall -ffunction-sections -ffat-lto-objects -O0 -c Generated_Source\PSoC4\Pin_US_Trigger_2.c -o .\CortexM0\ARM_GCC_541\Debug\Pin_US_Trigger_2.o
arm-none-eabi-gcc.exe -mcpu=cortex-m0 -mthumb -I. -IGenerated_Source\PSoC4 -Wa,-alh=.\CortexM0\ARM_GCC_541\Debug/Pin_US_Trigger_2_PM.lst -g -D DEBUG -Wall -ffunction-sections -ffat-lto-objects -O0 -c Generated_Source\PSoC4\Pin_US_Trigger_2_PM.c -o .\CortexM0\ARM_GCC_541\Debug\Pin_US_Trigger_2_PM.o
arm-none-eabi-gcc.exe -mcpu=cortex-m0 -mthumb -I. -IGenerated_Source\PSoC4 -Wa,-alh=.\CortexM0\ARM_GCC_541\Debug/Pin_US_Trigger_3.lst -g -D DEBUG -Wall -ffunction-sections -ffat-lto-objects -O0 -c Generated_Source\PSoC4\Pin_US_Trigger_3.c -o .\CortexM0\ARM_GCC_541\Debug\Pin_US_Trigger_3.o
arm-none-eabi-gcc.exe -mcpu=cortex-m0 -mthumb -I. -IGenerated_Source\PSoC4 -Wa,-alh=.\CortexM0\ARM_GCC_541\Debug/Pin_US_Trigger_3_PM.lst -g -D DEBUG -Wall -ffunction-sections -ffat-lto-objects -O0 -c Generated_Source\PSoC4\Pin_US_Trigger_3_PM.c -o .\CortexM0\ARM_GCC_541\Debug\Pin_US_Trigger_3_PM.o
arm-none-eabi-gcc.exe -mcpu=cortex-m0 -mthumb -I. -IGenerated_Source\PSoC4 -Wa,-alh=.\CortexM0\ARM_GCC_541\Debug/Pin_US_Echo_1.lst -g -D DEBUG -Wall -ffunction-sections -ffat-lto-objects -O0 -c Generated_Source\PSoC4\Pin_US_Echo_1.c -o .\CortexM0\ARM_GCC_541\Debug\Pin_US_Echo_1.o
arm-none-eabi-gcc.exe -mcpu=cortex-m0 -mthumb -I. -IGenerated_Source\PSoC4 -Wa,-alh=.\CortexM0\ARM_GCC_541\Debug/Pin_US_Echo_1_PM.lst -g -D DEBUG -Wall -ffunction-sections -ffat-lto-objects -O0 -c Generated_Source\PSoC4\Pin_US_Echo_1_PM.c -o .\CortexM0\ARM_GCC_541\Debug\Pin_US_Echo_1_PM.o
arm-none-eabi-gcc.exe -mcpu=cortex-m0 -mthumb -I. -IGenerated_Source\PSoC4 -Wa,-alh=.\CortexM0\ARM_GCC_541\Debug/Timer_Echo_1.lst -g -D DEBUG -Wall -ffunction-sections -ffat-lto-objects -O0 -c Generated_Source\PSoC4\Timer_Echo_1.c -o .\CortexM0\ARM_GCC_541\Debug\Timer_Echo_1.o
arm-none-eabi-gcc.exe -mcpu=cortex-m0 -mthumb -I. -IGenerated_Source\PSoC4 -Wa,-alh=.\CortexM0\ARM_GCC_541\Debug/Timer_Echo_1_PM.lst -g -D DEBUG -Wall -ffunction-sections -ffat-lto-objects -O0 -c Generated_Source\PSoC4\Timer_Echo_1_PM.c -o .\CortexM0\ARM_GCC_541\Debug\Timer_Echo_1_PM.o
arm-none-eabi-gcc.exe -mcpu=cortex-m0 -mthumb -I. -IGenerated_Source\PSoC4 -Wa,-alh=.\CortexM0\ARM_GCC_541\Debug/Timer_Echo_Int_1.lst -g -D DEBUG -Wall -ffunction-sections -ffat-lto-objects -O0 -c Generated_Source\PSoC4\Timer_Echo_Int_1.c -o .\CortexM0\ARM_GCC_541\Debug\Timer_Echo_Int_1.o
arm-none-eabi-as.exe -mcpu=cortex-m0 -mthumb -I. -IGenerated_Source\PSoC4 -alh=.\CortexM0\ARM_GCC_541\Debug/CyBootAsmGnu.lst -g -W -o .\CortexM0\ARM_GCC_541\Debug\CyBootAsmGnu.o Generated_Source\PSoC4\CyBootAsmGnu.s
arm-none-eabi-ar.exe -rs .\CortexM0\ARM_GCC_541\Debug\Mesh_Flood_PSoC4BLE.a .\CortexM0\ARM_GCC_541\Debug\BLE.o .\CortexM0\ARM_GCC_541\Debug\BLE_gatt.o .\CortexM0\ARM_GCC_541\Debug\BLE_eventHandler.o .\CortexM0\ARM_GCC_541\Debug\BLE_HAL_INT.o .\CortexM0\ARM_GCC_541\Debug\BLE_HAL_PVT.o .\CortexM0\ARM_GCC_541\Debug\BLE_custom.o .\CortexM0\ARM_GCC_541\Debug\PrISM_1.o .\CortexM0\ARM_GCC_541\Debug\PrISM_1_PM.o .\CortexM0\ARM_GCC_541\Debug\PrISM_Clock.o .\CortexM0\ARM_GCC_541\Debug\RED.o .\CortexM0\ARM_GCC_541\Debug\RED_PM.o .\CortexM0\ARM_GCC_541\Debug\GREEN.o .\CortexM0\ARM_GCC_541\Debug\GREEN_PM.o .\CortexM0\ARM_GCC_541\Debug\BLUE.o .\CortexM0\ARM_GCC_541\Debug\BLUE_PM.o .\CortexM0\ARM_GCC_541\Debug\PrISM_2.o .\CortexM0\ARM_GCC_541\Debug\PrISM_2_PM.o .\CortexM0\ARM_GCC_541\Debug\isr_WDT.o .\CortexM0\ARM_GCC_541\Debug\UART.o .\CortexM0\ARM_GCC_541\Debug\UART_SPI_UART.o .\CortexM0\ARM_GCC_541\Debug\UART_SPI_UART_INT.o .\CortexM0\ARM_GCC_541\Debug\UART_PM.o .\CortexM0\ARM_GCC_541\Debug\UART_UART.o .\CortexM0\ARM_GCC_541\Debug\UART_BOOT.o .\CortexM0\ARM_GCC_541\Debug\UART_UART_BOOT.o .\CortexM0\ARM_GCC_541\Debug\BLE_bless_isr.o .\CortexM0\ARM_GCC_541\Debug\UART_SCBCLK.o .\CortexM0\ARM_GCC_541\Debug\UART_tx.o .\CortexM0\ARM_GCC_541\Debug\UART_tx_PM.o .\CortexM0\ARM_GCC_541\Debug\UART_rx.o .\CortexM0\ARM_GCC_541\Debug\UART_rx_PM.o .\CortexM0\ARM_GCC_541\Debug\CyFlash.o .\CortexM0\ARM_GCC_541\Debug\CyLib.o .\CortexM0\ARM_GCC_541\Debug\cyPm.o .\CortexM0\ARM_GCC_541\Debug\cyutils.o .\CortexM0\ARM_GCC_541\Debug\CyDMA.o .\CortexM0\ARM_GCC_541\Debug\CyLFClk.o .\CortexM0\ARM_GCC_541\Debug\cy_em_eeprom.o .\CortexM0\ARM_GCC_541\Debug\POWERRIGHT.o .\CortexM0\ARM_GCC_541\Debug\POWERRIGHT_PM.o .\CortexM0\ARM_GCC_541\Debug\POWERLEFT.o .\CortexM0\ARM_GCC_541\Debug\POWERLEFT_PM.o .\CortexM0\ARM_GCC_541\Debug\GNDRIGHT.o .\CortexM0\ARM_GCC_541\Debug\GNDRIGHT_PM.o .\CortexM0\ARM_GCC_541\Debug\GNDLEFT.o .\CortexM0\ARM_GCC_541\Debug\GNDLEFT_PM.o .\CortexM0\ARM_GCC_541\Debug\PWMLEFT.o .\CortexM0\ARM_GCC_541\Debug\PWMLEFT_PM.o .\CortexM0\ARM_GCC_541\Debug\PWMRIGHT.o .\CortexM0\ARM_GCC_541\Debug\PWMRIGHT_PM.o .\CortexM0\ARM_GCC_541\Debug\M2.o .\CortexM0\ARM_GCC_541\Debug\M2_PM.o .\CortexM0\ARM_GCC_541\Debug\M1.o .\CortexM0\ARM_GCC_541\Debug\M1_PM.o .\CortexM0\ARM_GCC_541\Debug\tachPwm.o .\CortexM0\ARM_GCC_541\Debug\tachPwm_PM.o .\CortexM0\ARM_GCC_541\Debug\tachTimer.o .\CortexM0\ARM_GCC_541\Debug\Clock_1.o .\CortexM0\ARM_GCC_541\Debug\Control.o .\CortexM0\ARM_GCC_541\Debug\Control_PM.o .\CortexM0\ARM_GCC_541\Debug\swint.o .\CortexM0\ARM_GCC_541\Debug\Timer_Echo_3.o .\CortexM0\ARM_GCC_541\Debug\Timer_Echo_3_PM.o .\CortexM0\ARM_GCC_541\Debug\Pin_US_Echo_3.o .\CortexM0\ARM_GCC_541\Debug\Pin_US_Echo_3_PM.o .\CortexM0\ARM_GCC_541\Debug\Timer_Echo_Int_3.o .\CortexM0\ARM_GCC_541\Debug\Clock_Echo.o .\CortexM0\ARM_GCC_541\Debug\Pin_US_Trigger.o .\CortexM0\ARM_GCC_541\Debug\Pin_US_Trigger_PM.o .\CortexM0\ARM_GCC_541\Debug\Pin_US_Trigger_1.o .\CortexM0\ARM_GCC_541\Debug\Pin_US_Trigger_1_PM.o .\CortexM0\ARM_GCC_541\Debug\Pin_US_Trigger_2.o .\CortexM0\ARM_GCC_541\Debug\Pin_US_Trigger_2_PM.o .\CortexM0\ARM_GCC_541\Debug\Pin_US_Trigger_3.o .\CortexM0\ARM_GCC_541\Debug\Pin_US_Trigger_3_PM.o .\CortexM0\ARM_GCC_541\Debug\Pin_US_Echo_1.o .\CortexM0\ARM_GCC_541\Debug\Pin_US_Echo_1_PM.o .\CortexM0\ARM_GCC_541\Debug\Timer_Echo_1.o .\CortexM0\ARM_GCC_541\Debug\Timer_Echo_1_PM.o .\CortexM0\ARM_GCC_541\Debug\Timer_Echo_Int_1.o .\CortexM0\ARM_GCC_541\Debug\CyBootAsmGnu.o
arm-none-eabi-ar.exe: creating .\CortexM0\ARM_GCC_541\Debug\Mesh_Flood_PSoC4BLE.a
arm-none-eabi-gcc.exe -Wl,--start-group -o E:\Users\lesia\Desktop\Mesh_Flood_PSoC4BLE.cydsn\CortexM0\ARM_GCC_541\Debug\Mesh_Flood_PSoC4BLE.elf .\CortexM0\ARM_GCC_541\Debug\main.o .\CortexM0\ARM_GCC_541\Debug\debug.o .\CortexM0\ARM_GCC_541\Debug\WDT.o .\CortexM0\ARM_GCC_541\Debug\ble_process.o .\CortexM0\ARM_GCC_541\Debug\cyfitter_cfg.o .\CortexM0\ARM_GCC_541\Debug\cymetadata.o .\CortexM0\ARM_GCC_541\Debug\Cm0Start.o .\CortexM0\ARM_GCC_541\Debug\Mesh_Flood_PSoC4BLE.a "E:\Program Files (x86)\Cypress\PSoC Creator\4.4\PSoC Creator\psoc\content\CyComponentLibrary\CyComponentLibrary.cylib\BLE_v3_66\Library\gccCyBLEStack_BLE_SOC_CENTRAL_PERIPHERAL.a" -mcpu=cortex-m0 -mthumb -L Generated_Source\PSoC4 -Wl,-Map,.\CortexM0\ARM_GCC_541\Debug/Mesh_Flood_PSoC4BLE.map -T Generated_Source\PSoC4\cm0gcc.ld -specs=nano.specs -Wl,--gc-sections -g -ffunction-sections -O0 -ffat-lto-objects -Wl,--end-group
cyelftool.exe -C E:\Users\lesia\Desktop\Mesh_Flood_PSoC4BLE.cydsn\CortexM0\ARM_GCC_541\Debug\Mesh_Flood_PSoC4BLE.elf --flash_row_size 256 --flash_size 262144 --flash_offset 0x00000000
No ELF section .cychecksum found, creating one
Application checksum calculated and stored in ELF section .cychecksum
Checksum calculated and stored in ELF section .cymeta
cyelftool.exe -S E:\Users\lesia\Desktop\Mesh_Flood_PSoC4BLE.cydsn\CortexM0\ARM_GCC_541\Debug\Mesh_Flood_PSoC4BLE.elf
Flash used: 47054 of 262144 bytes (17,9%).
SRAM used: 9960 of 32768 bytes (30,4%). Stack: 2048 bytes. Heap: 128 bytes.
--------------- Rebuild Succeeded: 12/06/2021 16:41:39 ---------------
